# JRE version: Java(TM) SE Runtime Environment (8.0_91-b14) (build 1.8.0_91-b14)
# Java VM: Java HotSpot(TM) 64-Bit Server VM (25.91-b14 mixed mode linux-amd64 compressed oops)
Heap:
 PSYoungGen      total 166400K, used 128965K [0x00000000eab00000, 0x00000000f8180000, 0x0000000100000000)
  eden space 143872K, 73% used [0x00000000eab00000,0x00000000f12f2a88,0x00000000f3780000)
  from space 22528K, 99% used [0x00000000f6b80000,0x00000000f817ea40,0x00000000f8180000)
  to   space 27648K, 0% used [0x00000000f4b80000,0x00000000f4b80000,0x00000000f6680000)
 ParOldGen       total 69120K, used 42041K [0x00000000c0000000, 0x00000000c4380000, 0x00000000eab00000)
  object space 69120K, 60% used [0x00000000c0000000,0x00000000c290e780,0x00000000c4380000)
 Metaspace       used 6224K, capacity 7216K, committed 7296K, reserved 1056768K
  class space    used 581K, capacity 616K, committed 640K, reserved 1048576K
GC Heap History (10 events):
Event: 14.627 GC heap before
{Heap before GC invocations=7 (full 0):
 PSYoungGen      total 62464K, used 62445K [0x00000000eab00000, 0x00000000ef100000, 0x0000000100000000)
  eden space 56320K, 100% used [0x00000000eab00000,0x00000000ee200000,0x00000000ee200000)
  from space 6144K, 99% used [0x00000000ee900000,0x00000000eeefb788,0x00000000eef00000)
  to   space 7168K, 0% used [0x00000000ee200000,0x00000000ee200000,0x00000000ee900000)
 ParOldGen       total 36864K, used 14169K [0x00000000c0000000, 0x00000000c2400000, 0x00000000eab00000)
  object space 36864K, 38% used [0x00000000c0000000,0x00000000c0dd66c0,0x00000000c2400000)
 Metaspace       used 6011K, capacity 7152K, committed 7296K, reserved 1056768K
  class space    used 575K, capacity 616K, committed 640K, reserved 1048576K
Event: 14.723 GC heap after
Heap after GC invocations=7 (full 0):
 PSYoungGen      total 63488K, used 7147K [0x00000000eab00000, 0x00000000f3000000, 0x0000000100000000)
  eden space 56320K, 0% used [0x00000000eab00000,0x00000000eab00000,0x00000000ee200000)
  from space 7168K, 99% used [0x00000000ee200000,0x00000000ee8faeb0,0x00000000ee900000)
  to   space 11776K, 0% used [0x00000000f2480000,0x00000000f2480000,0x00000000f3000000)
 ParOldGen       total 36864K, used 21479K [0x00000000c0000000, 0x00000000c2400000, 0x00000000eab00000)
  object space 36864K, 58% used [0x00000000c0000000,0x00000000c14f9ca0,0x00000000c2400000)
 Metaspace       used 6011K, capacity 7152K, committed 7296K, reserved 1056768K
  class space    used 575K, capacity 616K, committed 640K, reserved 1048576K
}
Event: 16.285 GC heap before
{Heap before GC invocations=8 (full 0):
 PSYoungGen      total 63488K, used 63467K [0x00000000eab00000, 0x00000000f3000000, 0x0000000100000000)
  eden space 56320K, 100% used [0x00000000eab00000,0x00000000ee200000,0x00000000ee200000)
  from space 7168K, 99% used [0x00000000ee200000,0x00000000ee8faeb0,0x00000000ee900000)
  to   space 11776K, 0% used [0x00000000f2480000,0x00000000f2480000,0x00000000f3000000)
 ParOldGen       total 36864K, used 21479K [0x00000000c0000000, 0x00000000c2400000, 0x00000000eab00000)
  object space 36864K, 58% used [0x00000000c0000000,0x00000000c14f9ca0,0x00000000c2400000)
 Metaspace       used 6028K, capacity 7152K, committed 7296K, reserved 1056768K
  class space    used 575K, capacity 616K, committed 640K, reserved 1048576K
Event: 16.415 GC heap after
Heap after GC invocations=8 (full 0):
 PSYoungGen      total 120832K, used 11750K [0x00000000eab00000, 0x00000000f3700000, 0x0000000100000000)
  eden space 109056K, 0% used [0x00000000eab00000,0x00000000eab00000,0x00000000f1580000)
  from space 11776K, 99% used [0x00000000f2480000,0x00000000f2ff9990,0x00000000f3000000)
  to   space 15360K, 0% used [0x00000000f1580000,0x00000000f1580000,0x00000000f2480000)
 ParOldGen       total 36864K, used 25421K [0x00000000c0000000, 0x00000000c2400000, 0x00000000eab00000)
  object space 36864K, 68% used [0x00000000c0000000,0x00000000c18d34c8,0x00000000c2400000)
 Metaspace       used 6028K, capacity 7152K, committed 7296K, reserved 1056768K
  class space    used 575K, capacity 616K, committed 640K, reserved 1048576K
}
Event: 19.943 GC heap before
{Heap before GC invocations=9 (full 0):
 PSYoungGen      total 120832K, used 120806K [0x00000000eab00000, 0x00000000f3700000, 0x0000000100000000)
  eden space 109056K, 100% used [0x00000000eab00000,0x00000000f1580000,0x00000000f1580000)
  from space 11776K, 99% used [0x00000000f2480000,0x00000000f2ff9990,0x00000000f3000000)
  to   space 15360K, 0% used [0x00000000f1580000,0x00000000f1580000,0x00000000f2480000)
 ParOldGen       total 36864K, used 25421K [0x00000000c0000000, 0x00000000c2400000, 0x00000000eab00000)
  object space 36864K, 68% used [0x00000000c0000000,0x00000000c18d34c8,0x00000000c2400000)
 Metaspace       used 6062K, capacity 7152K, committed 7296K, reserved 1056768K
  class space    used 575K, capacity 616K, committed 640K, reserved 1048576K
Event: 20.166 GC heap after
Heap after GC invocations=9 (full 0):
 PSYoungGen      total 124416K, used 15346K [0x00000000eab00000, 0x00000000f8180000, 0x0000000100000000)
  eden space 109056K, 0% used [0x00000000eab00000,0x00000000eab00000,0x00000000f1580000)
  from space 15360K, 99% used [0x00000000f1580000,0x00000000f247c8d0,0x00000000f2480000)
  to   space 22528K, 0% used [0x00000000f6b80000,0x00000000f6b80000,0x00000000f8180000)
 ParOldGen       total 37888K, used 37437K [0x00000000c0000000, 0x00000000c2500000, 0x00000000eab00000)
  object space 37888K, 98% used [0x00000000c0000000,0x00000000c248f7f0,0x00000000c2500000)
 Metaspace       used 6062K, capacity 7152K, committed 7296K, reserved 1056768K
  class space    used 575K, capacity 616K, committed 640K, reserved 1048576K
}
Event: 20.166 GC heap before
{Heap before GC invocations=10 (full 1):
 PSYoungGen      total 124416K, used 15346K [0x00000000eab00000, 0x00000000f8180000, 0x0000000100000000)
  eden space 109056K, 0% used [0x00000000eab00000,0x00000000eab00000,0x00000000f1580000)
  from space 15360K, 99% used [0x00000000f1580000,0x00000000f247c8d0,0x00000000f2480000)
  to   space 22528K, 0% used [0x00000000f6b80000,0x00000000f6b80000,0x00000000f8180000)
 ParOldGen       total 37888K, used 37437K [0x00000000c0000000, 0x00000000c2500000, 0x00000000eab00000)
  object space 37888K, 98% used [0x00000000c0000000,0x00000000c248f7f0,0x00000000c2500000)
 Metaspace       used 6062K, capacity 7152K, committed 7296K, reserved 1056768K
  class space    used 575K, capacity 616K, committed 640K, reserved 1048576K
Event: 21.140 GC heap after
Heap after GC invocations=10 (full 1):
 PSYoungGen      total 124416K, used 11733K [0x00000000eab00000, 0x00000000f8180000, 0x0000000100000000)
  eden space 109056K, 0% used [0x00000000eab00000,0x00000000eab00000,0x00000000f1580000)
  from space 15360K, 76% used [0x00000000f1580000,0x00000000f20f5588,0x00000000f2480000)
  to   space 22528K, 0% used [0x00000000f6b80000,0x00000000f6b80000,0x00000000f8180000)
 ParOldGen       total 69120K, used 37723K [0x00000000c0000000, 0x00000000c4380000, 0x00000000eab00000)
  object space 69120K, 54% used [0x00000000c0000000,0x00000000c24d6df0,0x00000000c4380000)
 Metaspace       used 6062K, capacity 7152K, committed 7296K, reserved 1056768K
  class space    used 575K, capacity 616K, committed 640K, reserved 1048576K
}
Event: 24.496 GC heap before
{Heap before GC invocations=11 (full 1):
 PSYoungGen      total 124416K, used 120789K [0x00000000eab00000, 0x00000000f8180000, 0x0000000100000000)
  eden space 109056K, 100% used [0x00000000eab00000,0x00000000f1580000,0x00000000f1580000)
  from space 15360K, 76% used [0x00000000f1580000,0x00000000f20f5588,0x00000000f2480000)
  to   space 22528K, 0% used [0x00000000f6b80000,0x00000000f6b80000,0x00000000f8180000)
 ParOldGen       total 69120K, used 37723K [0x00000000c0000000, 0x00000000c4380000, 0x00000000eab00000)
  object space 69120K, 54% used [0x00000000c0000000,0x00000000c24d6df0,0x00000000c4380000)
 Metaspace       used 6098K, capacity 7152K, committed 7296K, reserved 1056768K
  class space    used 575K, capacity 616K, committed 640K, reserved 1048576K
Event: 24.739 GC heap after
Heap after GC invocations=11 (full 1):
 PSYoungGen      total 166400K, used 22522K [0x00000000eab00000, 0x00000000f8180000, 0x0000000100000000)
  eden space 143872K, 0% used [0x00000000eab00000,0x00000000eab00000,0x00000000f3780000)
  from space 22528K, 99% used [0x00000000f6b80000,0x00000000f817ea40,0x00000000f8180000)
  to   space 27648K, 0% used [0x00000000f4b80000,0x00000000f4b80000,0x00000000f6680000)
 ParOldGen       total 69120K, used 42041K [0x00000000c0000000, 0x00000000c4380000, 0x00000000eab00000)
  object space 69120K, 60% used [0x00000000c0000000,0x00000000c290e780,0x00000000c4380000)
 Metaspace       used 6098K, capacity 7152K, committed 7296K, reserved 1056768K
  class space    used 575K, capacity 616K, committed 640K, reserved 1048576K
}

